
/home/runner/work/exp-determination-of-metacentric-height-iitk/exp-determination-of-metacentric-height-iitk/experiment/simulation/script/start.js
   3:10  warning  'start' is defined but never used  no-unused-vars
  60:5   warning  'showCalculator' is not defined    no-undef
  79:11  warning  'pontoon' is not defined           no-undef
  80:11  warning  'watertank' is not defined         no-undef
  81:11  warning  'pontoon' is not defined           no-undef
  82:11  warning  'watertank' is not defined         no-undef

/home/runner/work/exp-determination-of-metacentric-height-iitk/exp-determination-of-metacentric-height-iitk/experiment/simulation/script/step1.js
  8:10  warning  'firstmoveScale' is defined but never used  no-unused-vars

/home/runner/work/exp-determination-of-metacentric-height-iitk/exp-determination-of-metacentric-height-iitk/experiment/simulation/script/step2.js
   7:19  warning  'instructions' is not defined  no-undef
  49:11  warning  'startbutton' is not defined   no-undef

/home/runner/work/exp-determination-of-metacentric-height-iitk/exp-determination-of-metacentric-height-iitk/experiment/simulation/script/step3.js
    1:10  warning  'showCalculator' is defined but never used  no-unused-vars
  118:10  warning  'startbutton' is not defined                no-undef
  122:9   warning  'ins' is not defined                        no-undef

/home/runner/work/exp-determination-of-metacentric-height-iitk/exp-determination-of-metacentric-height-iitk/experiment/simulation/script/step4.js
  39:11  warning  'ins' is not defined  no-undef

/home/runner/work/exp-determination-of-metacentric-height-iitk/exp-determination-of-metacentric-height-iitk/experiment/simulation/script/step6.js
  22:16  warning  'displayCalculator' is not defined          no-undef
  27:3   warning  'pontoon' is not defined                    no-undef
  28:3   warning  'watertank' is not defined                  no-undef
  29:3   warning  'weight' is not defined                     no-undef
  32:3   warning  'pontoon' is not defined                    no-undef
  33:3   warning  'watertank' is not defined                  no-undef
  34:3   warning  'weight' is not defined                     no-undef
  37:10  warning  'moveProtractor' is defined but never used  no-unused-vars

/home/runner/work/exp-determination-of-metacentric-height-iitk/exp-determination-of-metacentric-height-iitk/experiment/simulation/script/step7.js
    1:10  warning  'displayCalculator' is defined but never used  no-unused-vars
  125:9   warning  'level1' is not defined                        no-undef
  126:9   warning  'level1' is not defined                        no-undef
  129:11  warning  'level1' is not defined                        no-undef
  130:11  warning  'level1' is not defined                        no-undef
  133:13  warning  'ins' is not defined                           no-undef
  175:13  warning  'level1' is not defined                        no-undef
  176:13  warning  'level1' is not defined                        no-undef

✖ 29 problems (0 errors, 29 warnings)

